<?xml version="1.0" encoding="UTF-8"?>
<!-- Generated by org.testng.reporters.JUnitReportReporter -->
<testsuite hostname="DESKTOP-1I6KDGS" failures="0" tests="3" name="com.TestCases.pages.LoginPagetest" time="26.550" errors="0" timestamp="2025-02-19T08:20:04 IST" skipped="0">
  <testcase classname="com.TestCases.pages.LoginPagetest" name="PagetitleTest" time="3.608"/>
  <system-out/>
  <testcase classname="com.TestCases.pages.LoginPagetest" name="PageUrlTest" time="5.124"/>
  <system-out/>
  <testcase classname="com.TestCases.pages.LoginPagetest" name="LoginTest" time="17.818"/>
  <system-out/>
</testsuite> <!-- com.TestCases.pages.LoginPagetest -->
