<?xml version="1.0" encoding="UTF-8"?>
<!-- Generated by org.testng.reporters.JUnitReportReporter -->
<testsuite hostname="DESKTOP-1I6KDGS" failures="0" tests="2" name="com.TestCases.pages.YourKartPageTest" time="13.505" errors="0" timestamp="2025-02-22T19:48:52 IST" skipped="0">
  <testcase classname="com.TestCases.pages.YourKartPageTest" name="verifyPageURLTest" time="6.527"/>
  <system-out/>
  <testcase classname="com.TestCases.pages.YourKartPageTest" name="checkouttest" time="6.978"/>
  <system-out/>
</testsuite> <!-- com.TestCases.pages.YourKartPageTest -->
