<?xml version="1.0" encoding="UTF-8"?>
<!-- Generated by org.testng.reporters.JUnitReportReporter -->
<testsuite hostname="DESKTOP-1I6KDGS" failures="0" tests="3" name="com.TestCases.pages.ProductPageTest" time="11.219" errors="0" timestamp="2025-02-18T08:33:46 IST" skipped="0">
  <testcase classname="com.TestCases.pages.ProductPageTest" name="verifytitleTest" time="3.747"/>
  <system-out/>
  <testcase classname="com.TestCases.pages.ProductPageTest" name="verifyURlTest" time="3.611"/>
  <system-out/>
  <testcase classname="com.TestCases.pages.ProductPageTest" name="Add_itemstokartTest" time="3.861"/>
  <system-out/>
</testsuite> <!-- com.TestCases.pages.ProductPageTest -->
