<?xml version="1.0" encoding="UTF-8"?>
<!-- Generated by org.testng.reporters.JUnitReportReporter -->
<testsuite hostname="DESKTOP-1I6KDGS" failures="0" tests="1" name="com.TestCases.pages.LoginPagetest" time="14.046" errors="0" timestamp="2025-02-22T19:41:21 IST" skipped="0">
  <testcase classname="com.TestCases.pages.LoginPagetest" name="LoginTest" time="14.046"/>
  <system-out/>
</testsuite> <!-- com.TestCases.pages.LoginPagetest -->
